<?xml version="1.0" encoding="UTF-8"?>
<testng-results ignored="0" total="1" passed="1" failed="0" skipped="0">
  <reporter-output>
    <line>
      <![CDATA[TY_PROJ_1402]]>
    </line>
    <line>
      <![CDATA[data verification successful]]>
    </line>
  </reporter-output>
  <suite started-at="2022-02-13T09:01:34 IST" name="Default suite" finished-at="2022-02-13T09:01:56 IST" duration-ms="21882">
    <groups>
    </groups>
    <test started-at="2022-02-13T09:01:34 IST" name="Default test" finished-at="2022-02-13T09:01:56 IST" duration-ms="21882">
      <class name="com.RMGYantraTest.CreateResourceAndVerifyInDatabase">
        <test-method is-config="true" signature="bsconfig()[pri:0, instance:com.RMGYantraTest.CreateResourceAndVerifyInDatabase@7fee8714]" started-at="2022-02-13T09:01:25 IST" name="bsconfig" finished-at="2022-02-13T09:01:34 IST" duration-ms="8475" status="PASS">
          <reporter-output>
          </reporter-output>
        </test-method> <!-- bsconfig -->
        <test-method signature="createResourceAndVerifyInDb()[pri:0, instance:com.RMGYantraTest.CreateResourceAndVerifyInDatabase@7fee8714]" started-at="2022-02-13T09:01:34 IST" name="createResourceAndVerifyInDb" finished-at="2022-02-13T09:01:56 IST" duration-ms="21571" status="PASS">
          <reporter-output>
            <line>
              <![CDATA[TY_PROJ_1402]]>
            </line>
            <line>
              <![CDATA[data verification successful]]>
            </line>
          </reporter-output>
        </test-method> <!-- createResourceAndVerifyInDb -->
        <test-method is-config="true" signature="asConfig()[pri:0, instance:com.RMGYantraTest.CreateResourceAndVerifyInDatabase@7fee8714]" started-at="2022-02-13T09:01:56 IST" name="asConfig" finished-at="2022-02-13T09:01:56 IST" duration-ms="79" status="PASS">
          <reporter-output>
          </reporter-output>
        </test-method> <!-- asConfig -->
      </class> <!-- com.RMGYantraTest.CreateResourceAndVerifyInDatabase -->
    </test> <!-- Default test -->
  </suite> <!-- Default suite -->
</testng-results>
